make all --print-data-base --no-builtin-variables --no-builtin-rules --question
# GNU Make 4.1
# Built for x86_64-pc-linux-gnu
# Copyright (C) 1988-2014 Free Software Foundation, Inc.
# License GPLv3+: GNU GPL version 3 or later <http://gnu.org/licenses/gpl.html>
# This is free software: you are free to change and redistribute it.
# There is NO WARRANTY, to the extent permitted by law.

# Make data base, printed on Fri Aug 19 11:04:57 2022

# Variables

# automatic
<D = $(patsubst %/,%,$(dir $<))
# automatic
?F = $(notdir $?)
# environment
WSLENV = VSCODE_WSL_EXT_LOCATION/up
# default
.SHELLFLAGS := -c
# automatic
?D = $(patsubst %/,%,$(dir $?))
# automatic
@D = $(patsubst %/,%,$(dir $@))
# automatic
@F = $(notdir $@)
# makefile
CURDIR := /home/suasidius/mamanFolder/final_project_maman_14
# makefile
SHELL = /bin/sh
# environment
VSCODE_NLS_CONFIG = {"locale":"en","availableLanguages":{}}
# environment
_ = /bin/sh
# makefile (from 'Makefile', line 1)
MAKEFILE_LIST :=  Makefile
# 'override' directive
GNUMAKEFLAGS := 
# environment
VSCODE_CWD = /mnt/c/Users/yoavf/AppData/Local/Programs/Microsoft VS Code
# default
MAKE_HOST := x86_64-pc-linux-gnu
# environment
PATH = /home/suasidius/.vscode-server/bin/da76f93349a72022ca4670c1b84860304616aaa2/bin/remote-cli:/usr/local/sbin:/usr/local/bin:/usr/sbin:/usr/bin:/sbin:/bin:/usr/games:/usr/local/games:/mnt/c/Program Files (x86)/Common Files/Oracle/Java/javapath:/mnt/c/Program Files (x86)/VMware/VMware Player/bin/:/mnt/c/WINDOWS/system32:/mnt/c/WINDOWS:/mnt/c/WINDOWS/System32/Wbem:/mnt/c/WINDOWS/System32/WindowsPowerShell/v1.0/:/mnt/c/WINDOWS/System32/OpenSSH/:/mnt/c/Program Files/Intel/ipp/x64:/mnt/c/Program Files/Intel/WiFi/bin/:/mnt/c/Program Files/Common Files/Intel/WirelessCommon/:/mnt/c/Program Files (x86)/Intel/Intel(R) Management Engine Components/DAL:/mnt/c/Program Files/Intel/Intel(R) Management Engine Components/DAL:/mnt/c/Program Files/Scripts:/mnt/c/Users/yoavf/AppData/Local/Programs/Python/Python39/Scripts:/mnt/c/Program Files (x86)/dotnet/:/mnt/c/Program Files/dotnet/:/mnt/c/Program Files (x86)/Vector ICD Manager 2.1/Exec32:/mnt/c/ProgramData/Mobileye/customerData/win32:/mnt/c/ProgramData/Mobileye/customerData/win64:/mnt/c/Users/yoavf/AppData/Local/Programs/Microsoft VS Code/bin
# environment
ELECTRON_RUN_AS_NODE = 1
# default
 
.FEATURES := target-specific order-only second-expansion else-if shortest-stem undefine oneshell archives jobserver output-sync check-symlink load
# automatic
%F = $(notdir $%)
# environment
PWD = /home/suasidius/mamanFolder/final_project_maman_14
# environment
VSCODE_IPC_HOOK_CLI = /tmp/vscode-ipc-ca9ad7a6-2cad-49be-8fc3-8fb55204c791.sock
# environment
VSCODE_AMD_ENTRYPOINT = vs/workbench/api/node/extensionHostProcess
# environment
HOME = /home/suasidius
# environment
LOGNAME = suasidius
# environment
APPLICATION_INSIGHTS_NO_DIAGNOSTIC_CHANNEL = true
# environment
VSCODE_HANDLES_UNCAUGHT_ERRORS = true
# automatic
^D = $(patsubst %/,%,$(dir $^))
# environment
MAKELEVEL := 0
# default
MAKE = $(MAKE_COMMAND)
# default
MAKECMDGOALS := all
# environment
SHLVL = 0
# default
MAKE_VERSION := 4.1
# environment
USER = suasidius
# makefile
.DEFAULT_GOAL := all
# environment
NAME = mewl8031
# automatic
%D = $(patsubst %/,%,$(dir $%))
# environment
VSCODE_WSL_EXT_LOCATION = /mnt/c/Users/yoavf/.vscode/extensions/ms-vscode-remote.remote-wsl-0.66.3
# default
MAKE_COMMAND := make
# environment
OLDPWD = /mnt/c/Users/yoavf/AppData/Local/Programs/Microsoft VS Code
# default
.VARIABLES := 
# automatic
*F = $(notdir $*)
# makefile
MAKEFLAGS = pqrR
# environment
MFLAGS = -pqrR
# automatic
*D = $(patsubst %/,%,$(dir $*))
# automatic
+D = $(patsubst %/,%,$(dir $+))
# automatic
+F = $(notdir $+)
# environment
VSCODE_HANDLES_SIGPIPE = true
# default
MAKEFILES := 
# automatic
<F = $(notdir $<)
# environment
LC_ALL = C
# environment
HOSTTYPE = x86_64
# automatic
^F = $(notdir $^)
# default
SUFFIXES := 
# default
.INCLUDE_DIRS = /usr/include /usr/local/include /usr/include
# default
.RECIPEPREFIX := 
# environment
LANG = C
# environment
TERM = xterm-256color
# environment
WSL_DISTRO_NAME = Ubuntu-18.04
# variable set hash-table stats:
# Load=58/1024=6%, Rehash=0, Collisions=3/86=3%

# Pattern-specific Variable Values

# No pattern-specific variable values.

# Directories

# . (device 2, inode 338614396982998304): 29 files, no impossibilities.

# 29 files, no impossibilities in 1 directories.

# Implicit Rules

# No implicit rules.

# Files

exec1:
#  Implicit rule search has not been done.
#  Modification time never checked.
#  File has not been updated.
#  recipe to execute (from 'Makefile', line 5):
	./assembler test_input 

save:
#  Implicit rule search has not been done.
#  Modification time never checked.
#  File has not been updated.
#  recipe to execute (from 'Makefile', line 17):
	git add .; git commit; git push

all:
#  Command line target.
#  Implicit rule search has not been done.
#  Implicit/static pattern stem: ''
#  File does not exist.
#  File has been updated.
#  Needs to be updated (-q is set).
# automatic
# @ := all
# automatic
# % := 
# automatic
# * := 
# automatic
# + := 
# automatic
# | := 
# automatic
# < := 
# automatic
# ^ := 
# automatic
# ? := 
# variable set hash-table stats:
# Load=8/32=25%, Rehash=0, Collisions=1/11=9%
#  recipe to execute (from 'Makefile', line 3):
	gcc assembler.c assembler.h structs.h constants.h macro_deploy.c macro_deploy.h first_scan.h first_scan.c utils.c utils.h second_scan.h second_scan.c -o assembler

exec2:
#  Implicit rule search has not been done.
#  Modification time never checked.
#  File has not been updated.
#  recipe to execute (from 'Makefile', line 7):
	./assembler test_input test_input_2

# Not a target:
.SUFFIXES:
#  Implicit rule search has not been done.
#  Modification time never checked.
#  File has not been updated.

# Not a target:
Makefile:
#  Implicit rule search has been done.
#  Last modified 2022-08-14 21:23:59.7811024
#  File has been updated.
#  Successfully updated.

# Not a target:
.DEFAULT:
#  Implicit rule search has not been done.
#  Modification time never checked.
#  File has not been updated.

exec3:
#  Implicit rule search has not been done.
#  Modification time never checked.
#  File has not been updated.
#  recipe to execute (from 'Makefile', line 9):
	./assembler test_input_noLabel

clean:
#  Implicit rule search has not been done.
#  Modification time never checked.
#  File has not been updated.
#  recipe to execute (from 'Makefile', line 13):
	rm -rf assembler
	rm -rf *.exe
	rm -rf *.o

dbg:
#  Implicit rule search has not been done.
#  Modification time never checked.
#  File has not been updated.
#  recipe to execute (from 'Makefile', line 11):
	gcc assembler.c assembler.h structs.h constants.h macro_deploy.c macro_deploy.h first_scan.h first_scan.c utils.c utils.h second_scan.h second_scan.c -g -o assembler ;gdb --args ./assembler test_input

# files hash-table stats:
# Load=10/1024=1%, Rehash=0, Collisions=0/22=0%
# VPATH Search Paths

# No 'vpath' search paths.

# No general ('VPATH' variable) search path.

# strcache buffers: 1 (0) / strings = 40 / storage = 463 B / avg = 11 B
# current buf: size = 8162 B / used = 463 B / count = 40 / avg = 11 B

# strcache performance: lookups = 53 / hit rate = 24%
# hash-table stats:
# Load=40/8192=0%, Rehash=0, Collisions=2/53=4%
# Finished Make data base on Fri Aug 19 11:04:57 2022

 
